<?xml version="1.0" encoding="UTF-8"?>
<!-- Generated by org.testng.reporters.JUnitReportReporter -->
<testsuite hostname="DESKTOP-MJS8BJH" failures="0" tests="1" name="testCases.TC_001" time="0.240" errors="0" timestamp="2024-04-28T11:53:25 IST" skipped="0">
  <testcase classname="testCases.TC_001" name="homePageTitleTest" time="0.240"/>
  <system-out/>
</testsuite> <!-- testCases.TC_001 -->
