<?xml version="1.0" encoding="UTF-8"?>
<!-- Generated by org.testng.reporters.JUnitReportReporter -->
<testsuite hostname="DESKTOP-MJS8BJH" failures="0" tests="1" name="testCases.TC_010" time="1.811" errors="0" timestamp="2024-04-28T11:53:25 IST" skipped="0">
  <testcase classname="testCases.TC_010" name="test" time="1.811"/>
  <system-out/>
</testsuite> <!-- testCases.TC_010 -->
