<?xml version="1.0" encoding="UTF-8"?>
<!-- Generated by org.testng.reporters.JUnitReportReporter -->
<testsuite hostname="DESKTOP-MJS8BJH" failures="0" tests="1" name="testCases.TC_009" time="5.634" errors="0" timestamp="2024-04-28T11:53:25 IST" skipped="0">
  <testcase classname="testCases.TC_009" name="loginInvalidTest" time="5.634"/>
  <system-out/>
</testsuite> <!-- testCases.TC_009 -->
